<?xml version="1.0" encoding="UTF-8"?>
<testsuite xmlns:xsi="http://www.w3.org/2001/XMLSchema-instance" xsi:noNamespaceSchemaLocation="https://maven.apache.org/surefire/maven-surefire-plugin/xsd/surefire-test-report.xsd" name="com.julio.customservice.TestStandardMyService" time="0.19" tests="5" errors="0" skipped="0" failures="0">
  <properties>
[...]
</properties>
  <testcase name="testServiceErrorNullToken" classname="com.julio.customservice.TestStandardMyService" time="0.097"/>
  <testcase name="testServiceErrorEmptyToken" classname="com.julio.customservice.TestStandardMyService" time="0.005"/>
  <testcase name="testServiceErrorTokenTooLarge" classname="com.julio.customservice.TestStandardMyService" time="0.02"/>
  <testcase name="testService" classname="com.julio.customservice.TestStandardMyService" time="0.001"/>
  <testcase name="testServiceRunningProcessor" classname="com.julio.customservice.TestStandardMyService" time="0.012"/>
</testsuite>